#-----------------------------------------------------------
# Vivado v2017.4 (64-bit)
# SW Build 2086221 on Fri Dec 15 20:55:39 MST 2017
# IP Build 2085800 on Fri Dec 15 22:25:07 MST 2017
# Start of session at: Mon Dec  3 17:21:34 2018
# Process ID: 45412
# Current directory: C:/latest_orion-anchor/orion-anchor/projects/fpga_tag_par_corr
# Command line: vivado.exe -gui_launcher_event rodinguilauncherevent46020 C:\latest_orion-anchor\orion-anchor\projects\fpga_tag_par_corr\anchor_fpga.xpr
# Log file: C:/latest_orion-anchor/orion-anchor/projects/fpga_tag_par_corr/vivado.log
# Journal file: C:/latest_orion-anchor/orion-anchor/projects/fpga_tag_par_corr\vivado.jou
#-----------------------------------------------------------
start_gui
open_project C:/latest_orion-anchor/orion-anchor/projects/fpga_tag_par_corr/anchor_fpga.xpr
INFO: [Project 1-313] Project file moved from '/home/fzliu/orion/code/orion-anchor/projects/fpga_tag_par_corr' since last save.
Scanning sources...
Finished scanning sources
INFO: [IP_Flow 19-234] Refreshing IP repositories
INFO: [IP_Flow 19-1704] No user IP repositories specified
INFO: [IP_Flow 19-2313] Loaded Vivado IP repository 'C:/Xilinx/Vivado/2017.4/data/ip'.
open_project: Time (s): cpu = 00:00:06 ; elapsed = 00:00:05 . Memory (MB): peak = 751.637 ; gain = 34.297
update_compile_order -fileset sources_1
file mkdir C:/latest_orion-anchor/orion-anchor/projects/fpga_tag_par_corr/anchor_fpga.srcs/sim_1/new
set_property SOURCE_SET sources_1 [get_filesets sim_1]
close [ open C:/latest_orion-anchor/orion-anchor/projects/fpga_tag_par_corr/anchor_fpga.srcs/sim_1/new/anchor_top_tb.v w ]
add_files -fileset sim_1 C:/latest_orion-anchor/orion-anchor/projects/fpga_tag_par_corr/anchor_fpga.srcs/sim_1/new/anchor_top_tb.v
update_compile_order -fileset sim_1
update_compile_order -fileset sim_1
launch_simulation
INFO: [Vivado 12-5682] Launching behavioral simulation in 'C:/latest_orion-anchor/orion-anchor/projects/fpga_tag_par_corr/anchor_fpga.sim/sim_1/behav/modelsim'
INFO: [USF-ModelSim-47] Finding simulator installation...
INFO: [USF-ModelSim-49] Using simulator executables from 'C:\modeltech64_10.5\win64'
INFO: [SIM-utils-51] Simulation object is 'sim_1'
INFO: [USF-modelsim-7] Finding pre-compiled libraries...
CRITICAL WARNING: [USF-modelsim-8] Failed to find the pre-compiled simulation library!
INFO: [USF-modelsim-9]  Recommendation:- Please follow these instructions to resolve this issue:-
 - set the 'COMPXLIB.MODELSIM_COMPILED_LIBRARY_DIR' project property to the directory where Xilinx simulation libraries are compiled for ModelSim/QuestaSim, or
 - set the 'MODELSIM' environment variable to point to the modelsim.ini file, or
 - set the 'WD_MGC' environment variable to point to the directory containing the modelsim.ini file
INFO: [SIM-utils-54] Inspecting design source files for 'mcu_to_fpga_tb' in fileset 'sim_1'...
INFO: [USF-ModelSim-107] Finding global include files...
INFO: [USF-ModelSim-108] Finding include directories and verilog header directory paths...
INFO: [USF-ModelSim-109] Fetching design files from 'sim_1'...
INFO: [USF-ModelSim-2] ModelSim::Compile design
INFO: [USF-ModelSim-15] Creating automatic 'do' files...
INFO: [USF-ModelSim-69] Executing 'COMPILE and ANALYZE' step in 'C:/latest_orion-anchor/orion-anchor/projects/fpga_tag_par_corr/anchor_fpga.sim/sim_1/behav/modelsim'
Reading C:/modeltech64_10.5/tcl/vsim/pref.tcl

# 10.5

# do {mcu_to_fpga_tb_compile.do}
# Model Technology ModelSim SE-64 vmap 10.5 Lib Mapping Utility 2016.02 Feb 13 2016
# vmap xil_defaultlib modelsim_lib/msim/xil_defaultlib 
# Copying C:/modeltech64_10.5/win64/../modelsim.ini to modelsim.ini
# Modifying modelsim.ini
# Model Technology ModelSim SE-64 vmap 10.5 Lib Mapping Utility 2016.02 Feb 13 2016
# vmap xpm modelsim_lib/msim/xpm 
# Modifying modelsim.ini
# ** Warning: (vlog-159) Mode option -64 is not supported in this context and will be ignored.
# Model Technology ModelSim SE-64 vlog 10.5 Compiler 2016.02 Feb 13 2016
# Start time: 17:28:56 on Dec 03,2018
# vlog -64 -incr -sv -work xil_defaultlib "+incdir+../../../../../../firmware/fpga/include" C:/Xilinx/Vivado/2017.4/data/ip/xpm/xpm_fifo/hdl/xpm_fifo.sv C:/Xilinx/Vivado/2017.4/data/ip/xpm/xpm_memory/hdl/xpm_memory.sv C:/Xilinx/Vivado/2017.4/data/ip/xpm/xpm_cdc/hdl/xpm_cdc.sv 
# -- Compiling module xpm_fifo_base
# -- Compiling module xpm_fifo_rst
# -- Compiling module xpm_counter_updn
# -- Compiling module xpm_fifo_reg_vec
# -- Compiling module xpm_fifo_reg_bit
# -- Compiling module xpm_reg_pipe_bit
# -- Compiling module xpm_fifo_sync
# -- Compiling module xpm_fifo_async
# -- Compiling module xpm_fifo_axis
# -- Compiling module xpm_memory_base
# -- Compiling module asym_bwe_bb
# -- Compiling module xpm_memory_dpdistram
# -- Compiling module xpm_memory_dprom
# -- Compiling module xpm_memory_sdpram
# -- Compiling module xpm_memory_spram
# -- Compiling module xpm_memory_sprom
# -- Compiling module xpm_memory_tdpram
# -- Compiling module xpm_cdc_single
# -- Compiling module xpm_cdc_gray
# -- Compiling module xpm_cdc_handshake
# -- Compiling module xpm_cdc_pulse
# -- Compiling module xpm_cdc_array_single
# -- Compiling module xpm_cdc_sync_rst
# -- Compiling module xpm_cdc_async_rst
# 
# Top level modules:
# 	xpm_fifo_sync
# 	xpm_fifo_async
# 	xpm_fifo_axis
# 	xpm_memory_dpdistram
# 	xpm_memory_dprom
# 	xpm_memory_sdpram
# 	xpm_memory_spram
# 	xpm_memory_sprom
# 	xpm_memory_tdpram
# 	xpm_cdc_handshake
# 	xpm_cdc_pulse
# 	xpm_cdc_array_single
# 	xpm_cdc_async_rst
# End time: 17:28:56 on Dec 03,2018, Elapsed time: 0:00:00
# Errors: 0, Warnings: 1
# ** Warning: (vcom-159) Mode option -64 is not supported in this context and will be ignored.
# Model Technology ModelSim SE-64 vcom 10.5 Compiler 2016.02 Feb 13 2016
# Start time: 17:28:56 on Dec 03,2018
# vcom -64 -2002 -work xpm C:/Xilinx/Vivado/2017.4/data/ip/xpm/xpm_VCOMP.vhd 
# -- Loading package STANDARD
# -- Loading package TEXTIO
# -- Loading package std_logic_1164
# -- Compiling package VCOMPONENTS
# End time: 17:28:56 on Dec 03,2018, Elapsed time: 0:00:00
# Errors: 0, Warnings: 1
# ** Warning: (vlog-159) Mode option -64 is not supported in this context and will be ignored.
# Model Technology ModelSim SE-64 vlog 10.5 Compiler 2016.02 Feb 13 2016
# Start time: 17:28:56 on Dec 03,2018
# vlog -64 -incr -work xil_defaultlib "+incdir+../../../../../../firmware/fpga/include" ../../../../../../firmware/fpga/ad9361/ad9361_cmos_if.v ../../../../../../firmware/fpga/ad9361/ad9361_dual.v ../../../../../../firmware/fpga/ad9361/ad9361_dual_axis.v ../../../../../../firmware/fpga/ad9361/ad9361_dual_spi.v ../../../../../../firmware/fpga/ad9361/ad9361_samp_filt.v ../../../../anchor_fpga.srcs/sources_1/new/anchor_clk_gen.v ../../../../anchor_fpga.srcs/sources_1/new/anchor_top.v ../../../../../../firmware/fpga/xcorr/axis_bit_corr.v ../../../../../../firmware/fpga/peak/axis_cabs_serial.v ../../../../../../firmware/fpga/util/axis/xilinx/axis_clk_conv_fifo.v ../../../../../../firmware/fpga/util/axis/axis_distrib.v ../../../../../../firmware/fpga/util/axis/axis_fan_in.v ../../../../../../firmware/fpga/peak/axis_peak_detn.v ../../../../../../firmware/fpga/util/axis/xilinx/axis_to_mem.v ../../../../../../firmware/fpga/util/math/counter.v ../../../../../../firmware/fpga/util/filt/filt_boxcar.v ../../../../../../firmware/fpga/util/math/xilinx/math_add_96.v ../../../../../../firmware/fpga/util/math/math_cabs_32.v ../../../../../../firmware/fpga/util/math/math_log2_64.v ../../../../../../firmware/fpga/util/math/xilinx/math_mult_35.v ../../../../../../firmware/fpga/util/math/math_pow2_12.v ../../../../../../firmware/fpga/util/misc/oh_to_bin.v ../../../../../../firmware/fpga/util/misc/xilinx/shift_reg.v ../../../../../../firmware/fpga/mpu_if/tag_data_buff.v ../../../../anchor_fpga.srcs/sim_1/new/anchor_top_tb.v 
# -- Compiling module ad9361_cmos_if
# -- Compiling module ad9361_dual
# -- Compiling module ad9361_dual_axis
# -- Compiling module ad9361_dual_spi
# -- Compiling module ad9361_samp_filt
# ** Error: (vlog-13069) ../../../../anchor_fpga.srcs/sources_1/new/anchor_clk_gen.v(51): near ")": syntax error, unexpected ')', expecting '.'.
# ** Error (suppressible): ../../../../anchor_fpga.srcs/sources_1/new/anchor_top.v(260): (vlog-2367) Multiple connections to the same port: s_axis_tvalid.
# ** Error (suppressible): ../../../../anchor_fpga.srcs/sources_1/new/anchor_top.v(260): (vlog-2367) Multiple connections to the same port: s_axis_tready.
# ** Error (suppressible): ../../../../anchor_fpga.srcs/sources_1/new/anchor_top.v(260): (vlog-2367) Multiple connections to the same port: s_axis_tdata.
# -- Compiling module axis_bit_corr
# ** Warning: (vlog-2121) ..\..\..\..\..\..\firmware\fpga\xcorr\correlators.vh(19): Illegal concatenation of an unsized constant. Will treat it as a 32-bit value.
# ** Warning: (vlog-2121) ..\..\..\..\..\..\firmware\fpga\xcorr\correlators.vh(19): Illegal concatenation of an unsized constant. Will treat it as a 32-bit value.
# ** Warning: (vlog-2121) ..\..\..\..\..\..\firmware\fpga\xcorr\correlators.vh(19): Illegal concatenation of an unsized constant. Will treat it as a 32-bit value.
# ** Warning: (vlog-2121) ..\..\..\..\..\..\firmware\fpga\xcorr\correlators.vh(19): Illegal concatenation of an unsized constant. Will treat it as a 32-bit value.
# ** Warning: (vlog-2121) ..\..\..\..\..\..\firmware\fpga\xcorr\correlators.vh(19): Illegal concatenation of an unsized constant. Will treat it as a 32-bit value.
# ** Warning: (vlog-2121) ..\..\..\..\..\..\firmware\fpga\xcorr\correlators.vh(19): Illegal concatenation of an unsized constant. Will treat it as a 32-bit value.
# ** Warning: (vlog-2121) ..\..\..\..\..\..\firmware\fpga\xcorr\correlators.vh(19): Illegal concatenation of an unsized constant. Will treat it as a 32-bit value.
# ** Warning: (vlog-2121) ..\..\..\..\..\..\firmware\fpga\xcorr\correlators.vh(18): Illegal concatenation of an unsized constant. Will treat it as a 32-bit value.
# ** Warning: (vlog-2121) ..\..\..\..\..\..\firmware\fpga\xcorr\correlators.vh(18): Illegal concatenation of an unsized constant. Will treat it as a 32-bit value.
# ** Warning: (vlog-2121) ..\..\..\..\..\..\firmware\fpga\xcorr\correlators.vh(18): Illegal concatenation of an unsized constant. Will treat it as a 32-bit value.
# ** Warning: (vlog-2121) ..\..\..\..\..\..\firmware\fpga\xcorr\correlators.vh(18): Illegal concatenation of an unsized constant. Will treat it as a 32-bit value.
# ** Warning: (vlog-2121) ..\..\..\..\..\..\firmware\fpga\xcorr\correlators.vh(18): Illegal concatenation of an unsized constant. Will treat it as a 32-bit value.
# ** Warning: (vlog-2121) ..\..\..\..\..\..\firmware\fpga\xcorr\correlators.vh(18): Illegal concatenation of an unsized constant. Will treat it as a 32-bit value.
# ** Warning: (vlog-2121) ..\..\..\..\..\..\firmware\fpga\xcorr\correlators.vh(18): Illegal concatenation of an unsized constant. Will treat it as a 32-bit value.
# ** Warning: (vlog-2121) ..\..\..\..\..\..\firmware\fpga\xcorr\correlators.vh(17): Illegal concatenation of an unsized constant. Will treat it as a 32-bit value.
# ** Warning: (vlog-2121) ..\..\..\..\..\..\firmware\fpga\xcorr\correlators.vh(17): Illegal concatenation of an unsized constant. Will treat it as a 32-bit value.
# ** Warning: (vlog-2121) ..\..\..\..\..\..\firmware\fpga\xcorr\correlators.vh(17): Illegal concatenation of an unsized constant. Will treat it as a 32-bit value.
# ** Warning: (vlog-2121) ..\..\..\..\..\..\firmware\fpga\xcorr\correlators.vh(17): Illegal concatenation of an unsized constant. Will treat it as a 32-bit value.
# ** Warning: (vlog-2121) ..\..\..\..\..\..\firmware\fpga\xcorr\correlators.vh(17): Illegal concatenation of an unsized constant. Will treat it as a 32-bit value.
# ** Warning: (vlog-2121) ..\..\..\..\..\..\firmware\fpga\xcorr\correlators.vh(17): Illegal concatenation of an unsized constant. Will treat it as a 32-bit value.
# ** Warning: (vlog-2121) ..\..\..\..\..\..\firmware\fpga\xcorr\correlators.vh(17): Illegal concatenation of an unsized constant. Will treat it as a 32-bit value.
# ** Warning: (vlog-2121) ..\..\..\..\..\..\firmware\fpga\xcorr\correlators.vh(16): Illegal concatenation of an unsized constant. Will treat it as a 32-bit value.
# ** Warning: (vlog-2121) ..\..\..\..\..\..\firmware\fpga\xcorr\correlators.vh(16): Illegal concatenation of an unsized constant. Will treat it as a 32-bit value.
# ** Warning: (vlog-2121) ..\..\..\..\..\..\firmware\fpga\xcorr\correlators.vh(16): Illegal concatenation of an unsized constant. Will treat it as a 32-bit value.
# ** Warning: (vlog-2121) ..\..\..\..\..\..\firmware\fpga\xcorr\correlators.vh(16): Illegal concatenation of an unsized constant. Will treat it as a 32-bit value.
# ** Warning: (vlog-2121) ..\..\..\..\..\..\firmware\fpga\xcorr\correlators.vh(16): Illegal concatenation of an unsized constant. Will treat it as a 32-bit value.
# ** Warning: (vlog-2121) ..\..\..\..\..\..\firmware\fpga\xcorr\correlators.vh(16): Illegal concatenation of an unsized constant. Will treat it as a 32-bit value.
# ** Warning: (vlog-2121) ..\..\..\..\..\..\firmware\fpga\xcorr\correlators.vh(16): Illegal concatenation of an unsized constant. Will treat it as a 32-bit value.
# ** Warning: (vlog-2121) ..\..\..\..\..\..\firmware\fpga\xcorr\correlators.vh(15): Illegal concatenation of an unsized constant. Will treat it as a 32-bit value.
# ** Warning: (vlog-2121) ..\..\..\..\..\..\firmware\fpga\xcorr\correlators.vh(15): Illegal concatenation of an unsized constant. Will treat it as a 32-bit value.
# ** Warning: (vlog-2121) ..\..\..\..\..\..\firmware\fpga\xcorr\correlators.vh(15): Illegal concatenation of an unsized constant. Will treat it as a 32-bit value.
# ** Warning: (vlog-2121) ..\..\..\..\..\..\firmware\fpga\xcorr\correlators.vh(15): Illegal concatenation of an unsized constant. Will treat it as a 32-bit value.
# ** Warning: (vlog-2121) ..\..\..\..\..\..\firmware\fpga\xcorr\correlators.vh(15): Illegal concatenation of an unsized constant. Will treat it as a 32-bit value.
# ** Warning: (vlog-2121) ..\..\..\..\..\..\firmware\fpga\xcorr\correlators.vh(15): Illegal concatenation of an unsized constant. Will treat it as a 32-bit value.
# ** Warning: (vlog-2121) ..\..\..\..\..\..\firmware\fpga\xcorr\correlators.vh(15): Illegal concatenation of an unsized constant. Will treat it as a 32-bit value.
# ** Warning: (vlog-2121) ..\..\..\..\..\..\firmware\fpga\xcorr\correlators.vh(14): Illegal concatenation of an unsized constant. Will treat it as a 32-bit value.
# ** Warning: (vlog-2121) ..\..\..\..\..\..\firmware\fpga\xcorr\correlators.vh(14): Illegal concatenation of an unsized constant. Will treat it as a 32-bit value.
# ** Warning: (vlog-2121) ..\..\..\..\..\..\firmware\fpga\xcorr\correlators.vh(14): Illegal concatenation of an unsized constant. Will treat it as a 32-bit value.
# ** Warning: (vlog-2121) ..\..\..\..\..\..\firmware\fpga\xcorr\correlators.vh(14): Illegal concatenation of an unsized constant. Will treat it as a 32-bit value.
# ** Warning: (vlog-2121) ..\..\..\..\..\..\firmware\fpga\xcorr\correlators.vh(14): Illegal concatenation of an unsized constant. Will treat it as a 32-bit value.
# ** Warning: (vlog-2121) ..\..\..\..\..\..\firmware\fpga\xcorr\correlators.vh(14): Illegal concatenation of an unsized constant. Will treat it as a 32-bit value.
# ** Warning: (vlog-2121) ..\..\..\..\..\..\firmware\fpga\xcorr\correlators.vh(14): Illegal concatenation of an unsized constant. Will treat it as a 32-bit value.
# ** Warning: (vlog-2121) ..\..\..\..\..\..\firmware\fpga\xcorr\correlators.vh(13): Illegal concatenation of an unsized constant. Will treat it as a 32-bit value.
# ** Warning: (vlog-2121) ..\..\..\..\..\..\firmware\fpga\xcorr\correlators.vh(13): Illegal concatenation of an unsized constant. Will treat it as a 32-bit value.
# ** Warning: (vlog-2121) ..\..\..\..\..\..\firmware\fpga\xcorr\correlators.vh(13): Illegal concatenation of an unsized constant. Will treat it as a 32-bit value.
# ** Warning: (vlog-2121) ..\..\..\..\..\..\firmware\fpga\xcorr\correlators.vh(13): Illegal concatenation of an unsized constant. Will treat it as a 32-bit value.
# ** Warning: (vlog-2121) ..\..\..\..\..\..\firmware\fpga\xcorr\correlators.vh(13): Illegal concatenation of an unsized constant. Will treat it as a 32-bit value.
# ** Warning: (vlog-2121) ..\..\..\..\..\..\firmware\fpga\xcorr\correlators.vh(13): Illegal concatenation of an unsized constant. Will treat it as a 32-bit value.
# ** Warning: (vlog-2121) ..\..\..\..\..\..\firmware\fpga\xcorr\correlators.vh(13): Illegal concatenation of an unsized constant. Will treat it as a 32-bit value.
# ** Error (suppressible): (vlog-2997) ..\..\..\..\..\..\firmware\fpga\xcorr\correlators.vh(20): Cannot assign a packed type 'reg[1567:0]' to an unpacked type 'reg[6:0] $[0:6]'.
# -- Compiling module axis_cabs_serial
# ** Error: ../../../../../../firmware/fpga/peak/axis_cabs_serial.v(26): External function 'log2' may not be used in a constant expression.
# ** Error: ../../../../../../firmware/fpga/peak/axis_cabs_serial.v(26): Parameter value must be constant.
# -- Compiling module axis_clk_conv_fifo
# -- Compiling module axis_distrib
# -- Compiling module axis_fan_in
# -- Compiling module axis_peak_detn
# -- Compiling module axis_to_mem
# -- Compiling module counter
# ** Error: ../../../../../../firmware/fpga/util/filt/filt_boxcar.v(62): (vlog-2730) Undefined variable: 'i'.
# ** Error: ../../../../../../firmware/fpga/util/filt/filt_boxcar.v(62): 'i' is an invalid type in Generate loop. Must be a genvar.
# -- Compiling module math_add_96
# -- Compiling module math_cabs_32
# -- Compiling module math_log2_64
# -- Compiling module math_mult_35
# -- Compiling module math_pow2_12
# -- Compiling module oh_to_bin
# -- Compiling module shift_reg
# -- Compiling module tag_data_buff
# -- Compiling module mcu_to_fpga_tb
# End time: 17:28:57 on Dec 03,2018, Elapsed time: 0:00:01
# Errors: 9, Warnings: 50
# ** Error: C:/modeltech64_10.5/win64/vlog failed.
# Error in macro ./mcu_to_fpga_tb_compile.do line 52
# C:/modeltech64_10.5/win64/vlog failed.
#     while executing
# "vlog -64 -incr -work xil_defaultlib  "+incdir+../../../../../../firmware/fpga/include" \
# "../../../../../../firmware/fpga/ad9361/ad9361_cmos_if.v" \
# "..."
ModelSim> INFO: [Common 17-41] Interrupt caught. Command should exit soon.
run_program: Time (s): cpu = 00:00:03 ; elapsed = 00:00:14 . Memory (MB): peak = 784.582 ; gain = 0.000
INFO: [Common 17-344] 'run_program' was cancelled
INFO: [Vivado 12-5357] 'compile' step aborted
launch_simulation: Time (s): cpu = 00:00:03 ; elapsed = 00:00:14 . Memory (MB): peak = 784.582 ; gain = 0.000
INFO: [Common 17-344] 'launch_simulation' was cancelled
set_property compxlib.modelsim_compiled_library_dir C:/modeltech64_10.5/vivado2017_lib [current_project]
launch_simulation
INFO: [Vivado 12-5682] Launching behavioral simulation in 'C:/latest_orion-anchor/orion-anchor/projects/fpga_tag_par_corr/anchor_fpga.sim/sim_1/behav/modelsim'
INFO: [USF-ModelSim-47] Finding simulator installation...
INFO: [USF-ModelSim-49] Using simulator executables from 'C:\modeltech64_10.5\win64'
INFO: [SIM-utils-51] Simulation object is 'sim_1'
INFO: [USF-modelsim-7] Finding pre-compiled libraries...
INFO: [USF-modelsim-11] File 'C:/modeltech64_10.5/vivado2017_lib/modelsim.ini' copied to run dir:'C:/latest_orion-anchor/orion-anchor/projects/fpga_tag_par_corr/anchor_fpga.sim/sim_1/behav/modelsim'
INFO: [SIM-utils-54] Inspecting design source files for 'mcu_to_fpga_tb' in fileset 'sim_1'...
INFO: [USF-ModelSim-107] Finding global include files...
INFO: [USF-ModelSim-108] Finding include directories and verilog header directory paths...
INFO: [USF-ModelSim-109] Fetching design files from 'sim_1'...
INFO: [USF-ModelSim-2] ModelSim::Compile design
INFO: [USF-ModelSim-15] Creating automatic 'do' files...
INFO: [USF-ModelSim-69] Executing 'COMPILE and ANALYZE' step in 'C:/latest_orion-anchor/orion-anchor/projects/fpga_tag_par_corr/anchor_fpga.sim/sim_1/behav/modelsim'
Reading C:/modeltech64_10.5/tcl/vsim/pref.tcl

# 10.5

# do {mcu_to_fpga_tb_compile.do}
# ** Warning: (vlib-34) Library already exists at "modelsim_lib/work".
# ** Warning: (vlib-34) Library already exists at "modelsim_lib/msim".
# ** Warning: (vlib-34) Library already exists at "modelsim_lib/msim/xil_defaultlib".
# Model Technology ModelSim SE-64 vmap 10.5 Lib Mapping Utility 2016.02 Feb 13 2016
# vmap xil_defaultlib modelsim_lib/msim/xil_defaultlib 
# Modifying modelsim.ini
# ** Warning: (vlog-159) Mode option -64 is not supported in this context and will be ignored.
# Model Technology ModelSim SE-64 vlog 10.5 Compiler 2016.02 Feb 13 2016
# Start time: 17:31:32 on Dec 03,2018
# vlog -64 -incr -work xil_defaultlib "+incdir+../../../../../../firmware/fpga/include" ../../../../../../firmware/fpga/ad9361/ad9361_cmos_if.v ../../../../../../firmware/fpga/ad9361/ad9361_dual.v ../../../../../../firmware/fpga/ad9361/ad9361_dual_axis.v ../../../../../../firmware/fpga/ad9361/ad9361_dual_spi.v ../../../../../../firmware/fpga/ad9361/ad9361_samp_filt.v ../../../../anchor_fpga.srcs/sources_1/new/anchor_clk_gen.v ../../../../anchor_fpga.srcs/sources_1/new/anchor_top.v ../../../../../../firmware/fpga/xcorr/axis_bit_corr.v ../../../../../../firmware/fpga/peak/axis_cabs_serial.v ../../../../../../firmware/fpga/util/axis/xilinx/axis_clk_conv_fifo.v ../../../../../../firmware/fpga/util/axis/axis_distrib.v ../../../../../../firmware/fpga/util/axis/axis_fan_in.v ../../../../../../firmware/fpga/peak/axis_peak_detn.v ../../../../../../firmware/fpga/util/axis/xilinx/axis_to_mem.v ../../../../../../firmware/fpga/util/math/counter.v ../../../../../../firmware/fpga/util/filt/filt_boxcar.v ../../../../../../firmware/fpga/util/math/xilinx/math_add_96.v ../../../../../../firmware/fpga/util/math/math_cabs_32.v ../../../../../../firmware/fpga/util/math/math_log2_64.v ../../../../../../firmware/fpga/util/math/xilinx/math_mult_35.v ../../../../../../firmware/fpga/util/math/math_pow2_12.v ../../../../../../firmware/fpga/util/misc/oh_to_bin.v ../../../../../../firmware/fpga/util/misc/xilinx/shift_reg.v ../../../../../../firmware/fpga/mpu_if/tag_data_buff.v ../../../../anchor_fpga.srcs/sim_1/new/anchor_top_tb.v 
# -- Skipping module ad9361_cmos_if
# -- Skipping module ad9361_dual
# -- Skipping module ad9361_dual_axis
# -- Skipping module ad9361_dual_spi
# -- Skipping module ad9361_samp_filt
# ** Error: (vlog-13069) ../../../../anchor_fpga.srcs/sources_1/new/anchor_clk_gen.v(51): near ")": syntax error, unexpected ')', expecting '.'.
# ** Error (suppressible): ../../../../anchor_fpga.srcs/sources_1/new/anchor_top.v(260): (vlog-2367) Multiple connections to the same port: s_axis_tvalid.
# ** Error (suppressible): ../../../../anchor_fpga.srcs/sources_1/new/anchor_top.v(260): (vlog-2367) Multiple connections to the same port: s_axis_tready.
# ** Error (suppressible): ../../../../anchor_fpga.srcs/sources_1/new/anchor_top.v(260): (vlog-2367) Multiple connections to the same port: s_axis_tdata.
# -- Compiling module axis_bit_corr
# ** Warning: (vlog-2121) ..\..\..\..\..\..\firmware\fpga\xcorr\correlators.vh(19): Illegal concatenation of an unsized constant. Will treat it as a 32-bit value.
# ** Warning: (vlog-2121) ..\..\..\..\..\..\firmware\fpga\xcorr\correlators.vh(19): Illegal concatenation of an unsized constant. Will treat it as a 32-bit value.
# ** Warning: (vlog-2121) ..\..\..\..\..\..\firmware\fpga\xcorr\correlators.vh(19): Illegal concatenation of an unsized constant. Will treat it as a 32-bit value.
# ** Warning: (vlog-2121) ..\..\..\..\..\..\firmware\fpga\xcorr\correlators.vh(19): Illegal concatenation of an unsized constant. Will treat it as a 32-bit value.
# ** Warning: (vlog-2121) ..\..\..\..\..\..\firmware\fpga\xcorr\correlators.vh(19): Illegal concatenation of an unsized constant. Will treat it as a 32-bit value.
# ** Warning: (vlog-2121) ..\..\..\..\..\..\firmware\fpga\xcorr\correlators.vh(19): Illegal concatenation of an unsized constant. Will treat it as a 32-bit value.
# ** Warning: (vlog-2121) ..\..\..\..\..\..\firmware\fpga\xcorr\correlators.vh(19): Illegal concatenation of an unsized constant. Will treat it as a 32-bit value.
# ** Warning: (vlog-2121) ..\..\..\..\..\..\firmware\fpga\xcorr\correlators.vh(18): Illegal concatenation of an unsized constant. Will treat it as a 32-bit value.
# ** Warning: (vlog-2121) ..\..\..\..\..\..\firmware\fpga\xcorr\correlators.vh(18): Illegal concatenation of an unsized constant. Will treat it as a 32-bit value.
# ** Warning: (vlog-2121) ..\..\..\..\..\..\firmware\fpga\xcorr\correlators.vh(18): Illegal concatenation of an unsized constant. Will treat it as a 32-bit value.
# ** Warning: (vlog-2121) ..\..\..\..\..\..\firmware\fpga\xcorr\correlators.vh(18): Illegal concatenation of an unsized constant. Will treat it as a 32-bit value.
# ** Warning: (vlog-2121) ..\..\..\..\..\..\firmware\fpga\xcorr\correlators.vh(18): Illegal concatenation of an unsized constant. Will treat it as a 32-bit value.
# ** Warning: (vlog-2121) ..\..\..\..\..\..\firmware\fpga\xcorr\correlators.vh(18): Illegal concatenation of an unsized constant. Will treat it as a 32-bit value.
# ** Warning: (vlog-2121) ..\..\..\..\..\..\firmware\fpga\xcorr\correlators.vh(18): Illegal concatenation of an unsized constant. Will treat it as a 32-bit value.
# ** Warning: (vlog-2121) ..\..\..\..\..\..\firmware\fpga\xcorr\correlators.vh(17): Illegal concatenation of an unsized constant. Will treat it as a 32-bit value.
# ** Warning: (vlog-2121) ..\..\..\..\..\..\firmware\fpga\xcorr\correlators.vh(17): Illegal concatenation of an unsized constant. Will treat it as a 32-bit value.
# ** Warning: (vlog-2121) ..\..\..\..\..\..\firmware\fpga\xcorr\correlators.vh(17): Illegal concatenation of an unsized constant. Will treat it as a 32-bit value.
# ** Warning: (vlog-2121) ..\..\..\..\..\..\firmware\fpga\xcorr\correlators.vh(17): Illegal concatenation of an unsized constant. Will treat it as a 32-bit value.
# ** Warning: (vlog-2121) ..\..\..\..\..\..\firmware\fpga\xcorr\correlators.vh(17): Illegal concatenation of an unsized constant. Will treat it as a 32-bit value.
# ** Warning: (vlog-2121) ..\..\..\..\..\..\firmware\fpga\xcorr\correlators.vh(17): Illegal concatenation of an unsized constant. Will treat it as a 32-bit value.
# ** Warning: (vlog-2121) ..\..\..\..\..\..\firmware\fpga\xcorr\correlators.vh(17): Illegal concatenation of an unsized constant. Will treat it as a 32-bit value.
# ** Warning: (vlog-2121) ..\..\..\..\..\..\firmware\fpga\xcorr\correlators.vh(16): Illegal concatenation of an unsized constant. Will treat it as a 32-bit value.
# ** Warning: (vlog-2121) ..\..\..\..\..\..\firmware\fpga\xcorr\correlators.vh(16): Illegal concatenation of an unsized constant. Will treat it as a 32-bit value.
# ** Warning: (vlog-2121) ..\..\..\..\..\..\firmware\fpga\xcorr\correlators.vh(16): Illegal concatenation of an unsized constant. Will treat it as a 32-bit value.
# ** Warning: (vlog-2121) ..\..\..\..\..\..\firmware\fpga\xcorr\correlators.vh(16): Illegal concatenation of an unsized constant. Will treat it as a 32-bit value.
# ** Warning: (vlog-2121) ..\..\..\..\..\..\firmware\fpga\xcorr\correlators.vh(16): Illegal concatenation of an unsized constant. Will treat it as a 32-bit value.
# ** Warning: (vlog-2121) ..\..\..\..\..\..\firmware\fpga\xcorr\correlators.vh(16): Illegal concatenation of an unsized constant. Will treat it as a 32-bit value.
# ** Warning: (vlog-2121) ..\..\..\..\..\..\firmware\fpga\xcorr\correlators.vh(16): Illegal concatenation of an unsized constant. Will treat it as a 32-bit value.
# ** Warning: (vlog-2121) ..\..\..\..\..\..\firmware\fpga\xcorr\correlators.vh(15): Illegal concatenation of an unsized constant. Will treat it as a 32-bit value.
# ** Warning: (vlog-2121) ..\..\..\..\..\..\firmware\fpga\xcorr\correlators.vh(15): Illegal concatenation of an unsized constant. Will treat it as a 32-bit value.
# ** Warning: (vlog-2121) ..\..\..\..\..\..\firmware\fpga\xcorr\correlators.vh(15): Illegal concatenation of an unsized constant. Will treat it as a 32-bit value.
# ** Warning: (vlog-2121) ..\..\..\..\..\..\firmware\fpga\xcorr\correlators.vh(15): Illegal concatenation of an unsized constant. Will treat it as a 32-bit value.
# ** Warning: (vlog-2121) ..\..\..\..\..\..\firmware\fpga\xcorr\correlators.vh(15): Illegal concatenation of an unsized constant. Will treat it as a 32-bit value.
# ** Warning: (vlog-2121) ..\..\..\..\..\..\firmware\fpga\xcorr\correlators.vh(15): Illegal concatenation of an unsized constant. Will treat it as a 32-bit value.
# ** Warning: (vlog-2121) ..\..\..\..\..\..\firmware\fpga\xcorr\correlators.vh(15): Illegal concatenation of an unsized constant. Will treat it as a 32-bit value.
# ** Warning: (vlog-2121) ..\..\..\..\..\..\firmware\fpga\xcorr\correlators.vh(14): Illegal concatenation of an unsized constant. Will treat it as a 32-bit value.
# ** Warning: (vlog-2121) ..\..\..\..\..\..\firmware\fpga\xcorr\correlators.vh(14): Illegal concatenation of an unsized constant. Will treat it as a 32-bit value.
# ** Warning: (vlog-2121) ..\..\..\..\..\..\firmware\fpga\xcorr\correlators.vh(14): Illegal concatenation of an unsized constant. Will treat it as a 32-bit value.
# ** Warning: (vlog-2121) ..\..\..\..\..\..\firmware\fpga\xcorr\correlators.vh(14): Illegal concatenation of an unsized constant. Will treat it as a 32-bit value.
# ** Warning: (vlog-2121) ..\..\..\..\..\..\firmware\fpga\xcorr\correlators.vh(14): Illegal concatenation of an unsized constant. Will treat it as a 32-bit value.
# ** Warning: (vlog-2121) ..\..\..\..\..\..\firmware\fpga\xcorr\correlators.vh(14): Illegal concatenation of an unsized constant. Will treat it as a 32-bit value.
# ** Warning: (vlog-2121) ..\..\..\..\..\..\firmware\fpga\xcorr\correlators.vh(14): Illegal concatenation of an unsized constant. Will treat it as a 32-bit value.
# ** Warning: (vlog-2121) ..\..\..\..\..\..\firmware\fpga\xcorr\correlators.vh(13): Illegal concatenation of an unsized constant. Will treat it as a 32-bit value.
# ** Warning: (vlog-2121) ..\..\..\..\..\..\firmware\fpga\xcorr\correlators.vh(13): Illegal concatenation of an unsized constant. Will treat it as a 32-bit value.
# ** Warning: (vlog-2121) ..\..\..\..\..\..\firmware\fpga\xcorr\correlators.vh(13): Illegal concatenation of an unsized constant. Will treat it as a 32-bit value.
# ** Warning: (vlog-2121) ..\..\..\..\..\..\firmware\fpga\xcorr\correlators.vh(13): Illegal concatenation of an unsized constant. Will treat it as a 32-bit value.
# ** Warning: (vlog-2121) ..\..\..\..\..\..\firmware\fpga\xcorr\correlators.vh(13): Illegal concatenation of an unsized constant. Will treat it as a 32-bit value.
# ** Warning: (vlog-2121) ..\..\..\..\..\..\firmware\fpga\xcorr\correlators.vh(13): Illegal concatenation of an unsized constant. Will treat it as a 32-bit value.
# ** Warning: (vlog-2121) ..\..\..\..\..\..\firmware\fpga\xcorr\correlators.vh(13): Illegal concatenation of an unsized constant. Will treat it as a 32-bit value.
# ** Error (suppressible): (vlog-2997) ..\..\..\..\..\..\firmware\fpga\xcorr\correlators.vh(20): Cannot assign a packed type 'reg[1567:0]' to an unpacked type 'reg[6:0] $[0:6]'.
# -- Compiling module axis_cabs_serial
# ** Error: ../../../../../../firmware/fpga/peak/axis_cabs_serial.v(26): External function 'log2' may not be used in a constant expression.
# ** Error: ../../../../../../firmware/fpga/peak/axis_cabs_serial.v(26): Parameter value must be constant.
# -- Skipping module axis_clk_conv_fifo
# -- Skipping module axis_distrib
# -- Skipping module axis_fan_in
# -- Skipping module axis_peak_detn
# -- Skipping module axis_to_mem
# -- Skipping module counter
# ** Error: ../../../../../../firmware/fpga/util/filt/filt_boxcar.v(62): (vlog-2730) Undefined variable: 'i'.
# ** Error: ../../../../../../firmware/fpga/util/filt/filt_boxcar.v(62): 'i' is an invalid type in Generate loop. Must be a genvar.
# -- Skipping module math_add_96
# -- Skipping module math_cabs_32
# -- Skipping module math_log2_64
# -- Skipping module math_mult_35
# -- Skipping module math_pow2_12
# -- Skipping module oh_to_bin
# -- Skipping module shift_reg
# -- Skipping module tag_data_buff
# -- Skipping module mcu_to_fpga_tb
# End time: 17:31:34 on Dec 03,2018, Elapsed time: 0:00:02
# Errors: 9, Warnings: 50
# ** Error: C:/modeltech64_10.5/win64/vlog failed.
# Error in macro ./mcu_to_fpga_tb_compile.do line 42
# C:/modeltech64_10.5/win64/vlog failed.
#     while executing
# "vlog -64 -incr -work xil_defaultlib  "+incdir+../../../../../../firmware/fpga/include" \
# "../../../../../../firmware/fpga/ad9361/ad9361_cmos_if.v" \
# "..."
ModelSim> INFO: [Common 17-41] Interrupt caught. Command should exit soon.
run_program: Time (s): cpu = 00:00:11 ; elapsed = 00:01:46 . Memory (MB): peak = 806.512 ; gain = 0.000
INFO: [Common 17-344] 'run_program' was cancelled
INFO: [Vivado 12-5357] 'compile' step aborted
launch_simulation: Time (s): cpu = 00:00:11 ; elapsed = 00:01:46 . Memory (MB): peak = 806.512 ; gain = 0.000
INFO: [Common 17-344] 'launch_simulation' was cancelled
launch_simulation
INFO: [Vivado 12-5682] Launching behavioral simulation in 'C:/latest_orion-anchor/orion-anchor/projects/fpga_tag_par_corr/anchor_fpga.sim/sim_1/behav/modelsim'
INFO: [USF-ModelSim-47] Finding simulator installation...
INFO: [USF-ModelSim-49] Using simulator executables from 'C:\modeltech64_10.5\win64'
INFO: [SIM-utils-51] Simulation object is 'sim_1'
INFO: [USF-modelsim-7] Finding pre-compiled libraries...
INFO: [USF-modelsim-11] File 'C:/modeltech64_10.5/vivado2017_lib/modelsim.ini' copied to run dir:'C:/latest_orion-anchor/orion-anchor/projects/fpga_tag_par_corr/anchor_fpga.sim/sim_1/behav/modelsim'
INFO: [SIM-utils-54] Inspecting design source files for 'mcu_to_fpga_tb' in fileset 'sim_1'...
INFO: [USF-ModelSim-107] Finding global include files...
INFO: [USF-ModelSim-108] Finding include directories and verilog header directory paths...
INFO: [USF-ModelSim-109] Fetching design files from 'sim_1'...
INFO: [USF-ModelSim-2] ModelSim::Compile design
INFO: [USF-ModelSim-15] Creating automatic 'do' files...
INFO: [USF-ModelSim-69] Executing 'COMPILE and ANALYZE' step in 'C:/latest_orion-anchor/orion-anchor/projects/fpga_tag_par_corr/anchor_fpga.sim/sim_1/behav/modelsim'
Reading C:/modeltech64_10.5/tcl/vsim/pref.tcl

# 10.5

# do {mcu_to_fpga_tb_compile.do}
# ** Warning: (vlib-34) Library already exists at "modelsim_lib/work".
# ** Warning: (vlib-34) Library already exists at "modelsim_lib/msim".
# ** Warning: (vlib-34) Library already exists at "modelsim_lib/msim/xil_defaultlib".
# Model Technology ModelSim SE-64 vmap 10.5 Lib Mapping Utility 2016.02 Feb 13 2016
# vmap xil_defaultlib modelsim_lib/msim/xil_defaultlib 
# Modifying modelsim.ini
# ** Warning: (vlog-159) Mode option -64 is not supported in this context and will be ignored.
# Model Technology ModelSim SE-64 vlog 10.5 Compiler 2016.02 Feb 13 2016
# Start time: 17:33:29 on Dec 03,2018
# vlog -64 -incr -work xil_defaultlib "+incdir+../../../../../../firmware/fpga/include" ../../../../../../firmware/fpga/ad9361/ad9361_cmos_if.v ../../../../../../firmware/fpga/ad9361/ad9361_dual.v ../../../../../../firmware/fpga/ad9361/ad9361_dual_axis.v ../../../../../../firmware/fpga/ad9361/ad9361_dual_spi.v ../../../../../../firmware/fpga/ad9361/ad9361_samp_filt.v ../../../../anchor_fpga.srcs/sources_1/new/anchor_clk_gen.v ../../../../anchor_fpga.srcs/sources_1/new/anchor_top.v ../../../../../../firmware/fpga/xcorr/axis_bit_corr.v ../../../../../../firmware/fpga/peak/axis_cabs_serial.v ../../../../../../firmware/fpga/util/axis/xilinx/axis_clk_conv_fifo.v ../../../../../../firmware/fpga/util/axis/axis_distrib.v ../../../../../../firmware/fpga/util/axis/axis_fan_in.v ../../../../../../firmware/fpga/peak/axis_peak_detn.v ../../../../../../firmware/fpga/util/axis/xilinx/axis_to_mem.v ../../../../../../firmware/fpga/util/math/counter.v ../../../../../../firmware/fpga/util/filt/filt_boxcar.v ../../../../../../firmware/fpga/util/math/xilinx/math_add_96.v ../../../../../../firmware/fpga/util/math/math_cabs_32.v ../../../../../../firmware/fpga/util/math/math_log2_64.v ../../../../../../firmware/fpga/util/math/xilinx/math_mult_35.v ../../../../../../firmware/fpga/util/math/math_pow2_12.v ../../../../../../firmware/fpga/util/misc/oh_to_bin.v ../../../../../../firmware/fpga/util/misc/xilinx/shift_reg.v ../../../../../../firmware/fpga/mpu_if/tag_data_buff.v ../../../../anchor_fpga.srcs/sim_1/new/anchor_top_tb.v 
# -- Skipping module ad9361_cmos_if
# -- Skipping module ad9361_dual
# -- Skipping module ad9361_dual_axis
# -- Skipping module ad9361_dual_spi
# -- Skipping module ad9361_samp_filt
# -- Compiling module anchor_clk_gen
# ** Error (suppressible): ../../../../anchor_fpga.srcs/sources_1/new/anchor_top.v(260): (vlog-2367) Multiple connections to the same port: s_axis_tvalid.
# ** Error (suppressible): ../../../../anchor_fpga.srcs/sources_1/new/anchor_top.v(260): (vlog-2367) Multiple connections to the same port: s_axis_tready.
# ** Error (suppressible): ../../../../anchor_fpga.srcs/sources_1/new/anchor_top.v(260): (vlog-2367) Multiple connections to the same port: s_axis_tdata.
# -- Compiling module axis_bit_corr
# ** Warning: (vlog-2121) ..\..\..\..\..\..\firmware\fpga\xcorr\correlators.vh(19): Illegal concatenation of an unsized constant. Will treat it as a 32-bit value.
# ** Warning: (vlog-2121) ..\..\..\..\..\..\firmware\fpga\xcorr\correlators.vh(19): Illegal concatenation of an unsized constant. Will treat it as a 32-bit value.
# ** Warning: (vlog-2121) ..\..\..\..\..\..\firmware\fpga\xcorr\correlators.vh(19): Illegal concatenation of an unsized constant. Will treat it as a 32-bit value.
# ** Warning: (vlog-2121) ..\..\..\..\..\..\firmware\fpga\xcorr\correlators.vh(19): Illegal concatenation of an unsized constant. Will treat it as a 32-bit value.
# ** Warning: (vlog-2121) ..\..\..\..\..\..\firmware\fpga\xcorr\correlators.vh(19): Illegal concatenation of an unsized constant. Will treat it as a 32-bit value.
# ** Warning: (vlog-2121) ..\..\..\..\..\..\firmware\fpga\xcorr\correlators.vh(19): Illegal concatenation of an unsized constant. Will treat it as a 32-bit value.
# ** Warning: (vlog-2121) ..\..\..\..\..\..\firmware\fpga\xcorr\correlators.vh(19): Illegal concatenation of an unsized constant. Will treat it as a 32-bit value.
# ** Warning: (vlog-2121) ..\..\..\..\..\..\firmware\fpga\xcorr\correlators.vh(18): Illegal concatenation of an unsized constant. Will treat it as a 32-bit value.
# ** Warning: (vlog-2121) ..\..\..\..\..\..\firmware\fpga\xcorr\correlators.vh(18): Illegal concatenation of an unsized constant. Will treat it as a 32-bit value.
# ** Warning: (vlog-2121) ..\..\..\..\..\..\firmware\fpga\xcorr\correlators.vh(18): Illegal concatenation of an unsized constant. Will treat it as a 32-bit value.
# ** Warning: (vlog-2121) ..\..\..\..\..\..\firmware\fpga\xcorr\correlators.vh(18): Illegal concatenation of an unsized constant. Will treat it as a 32-bit value.
# ** Warning: (vlog-2121) ..\..\..\..\..\..\firmware\fpga\xcorr\correlators.vh(18): Illegal concatenation of an unsized constant. Will treat it as a 32-bit value.
# ** Warning: (vlog-2121) ..\..\..\..\..\..\firmware\fpga\xcorr\correlators.vh(18): Illegal concatenation of an unsized constant. Will treat it as a 32-bit value.
# ** Warning: (vlog-2121) ..\..\..\..\..\..\firmware\fpga\xcorr\correlators.vh(18): Illegal concatenation of an unsized constant. Will treat it as a 32-bit value.
# ** Warning: (vlog-2121) ..\..\..\..\..\..\firmware\fpga\xcorr\correlators.vh(17): Illegal concatenation of an unsized constant. Will treat it as a 32-bit value.
# ** Warning: (vlog-2121) ..\..\..\..\..\..\firmware\fpga\xcorr\correlators.vh(17): Illegal concatenation of an unsized constant. Will treat it as a 32-bit value.
# ** Warning: (vlog-2121) ..\..\..\..\..\..\firmware\fpga\xcorr\correlators.vh(17): Illegal concatenation of an unsized constant. Will treat it as a 32-bit value.
# ** Warning: (vlog-2121) ..\..\..\..\..\..\firmware\fpga\xcorr\correlators.vh(17): Illegal concatenation of an unsized constant. Will treat it as a 32-bit value.
# ** Warning: (vlog-2121) ..\..\..\..\..\..\firmware\fpga\xcorr\correlators.vh(17): Illegal concatenation of an unsized constant. Will treat it as a 32-bit value.
# ** Warning: (vlog-2121) ..\..\..\..\..\..\firmware\fpga\xcorr\correlators.vh(17): Illegal concatenation of an unsized constant. Will treat it as a 32-bit value.
# ** Warning: (vlog-2121) ..\..\..\..\..\..\firmware\fpga\xcorr\correlators.vh(17): Illegal concatenation of an unsized constant. Will treat it as a 32-bit value.
# ** Warning: (vlog-2121) ..\..\..\..\..\..\firmware\fpga\xcorr\correlators.vh(16): Illegal concatenation of an unsized constant. Will treat it as a 32-bit value.
# ** Warning: (vlog-2121) ..\..\..\..\..\..\firmware\fpga\xcorr\correlators.vh(16): Illegal concatenation of an unsized constant. Will treat it as a 32-bit value.
# ** Warning: (vlog-2121) ..\..\..\..\..\..\firmware\fpga\xcorr\correlators.vh(16): Illegal concatenation of an unsized constant. Will treat it as a 32-bit value.
# ** Warning: (vlog-2121) ..\..\..\..\..\..\firmware\fpga\xcorr\correlators.vh(16): Illegal concatenation of an unsized constant. Will treat it as a 32-bit value.
# ** Warning: (vlog-2121) ..\..\..\..\..\..\firmware\fpga\xcorr\correlators.vh(16): Illegal concatenation of an unsized constant. Will treat it as a 32-bit value.
# ** Warning: (vlog-2121) ..\..\..\..\..\..\firmware\fpga\xcorr\correlators.vh(16): Illegal concatenation of an unsized constant. Will treat it as a 32-bit value.
# ** Warning: (vlog-2121) ..\..\..\..\..\..\firmware\fpga\xcorr\correlators.vh(16): Illegal concatenation of an unsized constant. Will treat it as a 32-bit value.
# ** Warning: (vlog-2121) ..\..\..\..\..\..\firmware\fpga\xcorr\correlators.vh(15): Illegal concatenation of an unsized constant. Will treat it as a 32-bit value.
# ** Warning: (vlog-2121) ..\..\..\..\..\..\firmware\fpga\xcorr\correlators.vh(15): Illegal concatenation of an unsized constant. Will treat it as a 32-bit value.
# ** Warning: (vlog-2121) ..\..\..\..\..\..\firmware\fpga\xcorr\correlators.vh(15): Illegal concatenation of an unsized constant. Will treat it as a 32-bit value.
# ** Warning: (vlog-2121) ..\..\..\..\..\..\firmware\fpga\xcorr\correlators.vh(15): Illegal concatenation of an unsized constant. Will treat it as a 32-bit value.
# ** Warning: (vlog-2121) ..\..\..\..\..\..\firmware\fpga\xcorr\correlators.vh(15): Illegal concatenation of an unsized constant. Will treat it as a 32-bit value.
# ** Warning: (vlog-2121) ..\..\..\..\..\..\firmware\fpga\xcorr\correlators.vh(15): Illegal concatenation of an unsized constant. Will treat it as a 32-bit value.
# ** Warning: (vlog-2121) ..\..\..\..\..\..\firmware\fpga\xcorr\correlators.vh(15): Illegal concatenation of an unsized constant. Will treat it as a 32-bit value.
# ** Warning: (vlog-2121) ..\..\..\..\..\..\firmware\fpga\xcorr\correlators.vh(14): Illegal concatenation of an unsized constant. Will treat it as a 32-bit value.
# ** Warning: (vlog-2121) ..\..\..\..\..\..\firmware\fpga\xcorr\correlators.vh(14): Illegal concatenation of an unsized constant. Will treat it as a 32-bit value.
# ** Warning: (vlog-2121) ..\..\..\..\..\..\firmware\fpga\xcorr\correlators.vh(14): Illegal concatenation of an unsized constant. Will treat it as a 32-bit value.
# ** Warning: (vlog-2121) ..\..\..\..\..\..\firmware\fpga\xcorr\correlators.vh(14): Illegal concatenation of an unsized constant. Will treat it as a 32-bit value.
# ** Warning: (vlog-2121) ..\..\..\..\..\..\firmware\fpga\xcorr\correlators.vh(14): Illegal concatenation of an unsized constant. Will treat it as a 32-bit value.
# ** Warning: (vlog-2121) ..\..\..\..\..\..\firmware\fpga\xcorr\correlators.vh(14): Illegal concatenation of an unsized constant. Will treat it as a 32-bit value.
# ** Warning: (vlog-2121) ..\..\..\..\..\..\firmware\fpga\xcorr\correlators.vh(14): Illegal concatenation of an unsized constant. Will treat it as a 32-bit value.
# ** Warning: (vlog-2121) ..\..\..\..\..\..\firmware\fpga\xcorr\correlators.vh(13): Illegal concatenation of an unsized constant. Will treat it as a 32-bit value.
# ** Warning: (vlog-2121) ..\..\..\..\..\..\firmware\fpga\xcorr\correlators.vh(13): Illegal concatenation of an unsized constant. Will treat it as a 32-bit value.
# ** Warning: (vlog-2121) ..\..\..\..\..\..\firmware\fpga\xcorr\correlators.vh(13): Illegal concatenation of an unsized constant. Will treat it as a 32-bit value.
# ** Warning: (vlog-2121) ..\..\..\..\..\..\firmware\fpga\xcorr\correlators.vh(13): Illegal concatenation of an unsized constant. Will treat it as a 32-bit value.
# ** Warning: (vlog-2121) ..\..\..\..\..\..\firmware\fpga\xcorr\correlators.vh(13): Illegal concatenation of an unsized constant. Will treat it as a 32-bit value.
# ** Warning: (vlog-2121) ..\..\..\..\..\..\firmware\fpga\xcorr\correlators.vh(13): Illegal concatenation of an unsized constant. Will treat it as a 32-bit value.
# ** Warning: (vlog-2121) ..\..\..\..\..\..\firmware\fpga\xcorr\correlators.vh(13): Illegal concatenation of an unsized constant. Will treat it as a 32-bit value.
# ** Error (suppressible): (vlog-2997) ..\..\..\..\..\..\firmware\fpga\xcorr\correlators.vh(20): Cannot assign a packed type 'reg[1567:0]' to an unpacked type 'reg[6:0] $[0:6]'.
# -- Compiling module axis_cabs_serial
# ** Error: ../../../../../../firmware/fpga/peak/axis_cabs_serial.v(26): External function 'log2' may not be used in a constant expression.
# ** Error: ../../../../../../firmware/fpga/peak/axis_cabs_serial.v(26): Parameter value must be constant.
# -- Skipping module axis_clk_conv_fifo
# -- Skipping module axis_distrib
# -- Skipping module axis_fan_in
# -- Skipping module axis_peak_detn
# -- Skipping module axis_to_mem
# -- Skipping module counter
# ** Error: ../../../../../../firmware/fpga/util/filt/filt_boxcar.v(62): (vlog-2730) Undefined variable: 'i'.
# ** Error: ../../../../../../firmware/fpga/util/filt/filt_boxcar.v(62): 'i' is an invalid type in Generate loop. Must be a genvar.
# -- Skipping module math_add_96
# -- Skipping module math_cabs_32
# -- Skipping module math_log2_64
# -- Skipping module math_mult_35
# -- Skipping module math_pow2_12
# -- Skipping module oh_to_bin
# -- Skipping module shift_reg
# -- Skipping module tag_data_buff
# -- Skipping module mcu_to_fpga_tb
# End time: 17:33:31 on Dec 03,2018, Elapsed time: 0:00:02
# Errors: 8, Warnings: 50
# ** Error: C:/modeltech64_10.5/win64/vlog failed.
# Error in macro ./mcu_to_fpga_tb_compile.do line 42
# C:/modeltech64_10.5/win64/vlog failed.
#     while executing
# "vlog -64 -incr -work xil_defaultlib  "+incdir+../../../../../../firmware/fpga/include" \
# "../../../../../../firmware/fpga/ad9361/ad9361_cmos_if.v" \
# "..."
ModelSim> 